<?xml version="1.0" encoding="UTF-8"?>
<testng-results ignored="0" total="5" passed="5" failed="0" skipped="0">
  <reporter-output>
  </reporter-output>
  <suite started-at="2026-06-21T20:35:58 IST" name="SauceDemo Suite" finished-at="2026-06-21T20:36:24 IST" duration-ms="25926">
    <groups>
    </groups>
    <test started-at="2026-06-21T20:35:58 IST" name="Login Test" finished-at="2026-06-21T20:36:24 IST" duration-ms="25926">
      <class name="tests.LoginTest">
        <test-method is-config="true" signature="setup()[pri:0, instance:tests.LoginTest@6a78afa0]" started-at="2026-06-21T20:35:58 IST" name="setup" finished-at="2026-06-21T20:36:05 IST" duration-ms="7271" status="PASS">
          <reporter-output>
          </reporter-output>
        </test-method> <!-- setup -->
        <test-method signature="verifyLogin(java.lang.String,java.lang.String)[pri:0, instance:tests.LoginTest@6a78afa0]" started-at="2026-06-21T20:36:05 IST" name="verifyLogin" data-provider="loginData" finished-at="2026-06-21T20:36:06 IST" duration-ms="824" status="PASS">
          <params>
            <param index="0">
              <value>
                <![CDATA[standard_user]]>
              </value>
            </param>
            <param index="1">
              <value>
                <![CDATA[secret_sauce]]>
              </value>
            </param>
          </params>
          <reporter-output>
          </reporter-output>
        </test-method> <!-- verifyLogin -->
        <test-method is-config="true" signature="tearDown()[pri:0, instance:tests.LoginTest@6a78afa0]" started-at="2026-06-21T20:36:06 IST" name="tearDown" finished-at="2026-06-21T20:36:07 IST" duration-ms="419" status="PASS">
          <reporter-output>
          </reporter-output>
        </test-method> <!-- tearDown -->
        <test-method is-config="true" signature="setup()[pri:0, instance:tests.LoginTest@6a78afa0]" started-at="2026-06-21T20:36:07 IST" name="setup" finished-at="2026-06-21T20:36:08 IST" duration-ms="1920" status="PASS">
          <reporter-output>
          </reporter-output>
        </test-method> <!-- setup -->
        <test-method signature="verifyLogin(java.lang.String,java.lang.String)[pri:0, instance:tests.LoginTest@6a78afa0]" started-at="2026-06-21T20:36:08 IST" name="verifyLogin" data-provider="loginData" finished-at="2026-06-21T20:36:09 IST" duration-ms="712" status="PASS">
          <params>
            <param index="0">
              <value>
                <![CDATA[locked_out_user]]>
              </value>
            </param>
            <param index="1">
              <value>
                <![CDATA[secret_sauce]]>
              </value>
            </param>
          </params>
          <reporter-output>
          </reporter-output>
        </test-method> <!-- verifyLogin -->
        <test-method is-config="true" signature="tearDown()[pri:0, instance:tests.LoginTest@6a78afa0]" started-at="2026-06-21T20:36:09 IST" name="tearDown" finished-at="2026-06-21T20:36:09 IST" duration-ms="293" status="PASS">
          <reporter-output>
          </reporter-output>
        </test-method> <!-- tearDown -->
        <test-method is-config="true" signature="setup()[pri:0, instance:tests.LoginTest@6a78afa0]" started-at="2026-06-21T20:36:09 IST" name="setup" finished-at="2026-06-21T20:36:11 IST" duration-ms="1988" status="PASS">
          <reporter-output>
          </reporter-output>
        </test-method> <!-- setup -->
        <test-method signature="verifyLogin(java.lang.String,java.lang.String)[pri:0, instance:tests.LoginTest@6a78afa0]" started-at="2026-06-21T20:36:11 IST" name="verifyLogin" data-provider="loginData" finished-at="2026-06-21T20:36:12 IST" duration-ms="754" status="PASS">
          <params>
            <param index="0">
              <value>
                <![CDATA[problem_user]]>
              </value>
            </param>
            <param index="1">
              <value>
                <![CDATA[secret_sauce]]>
              </value>
            </param>
          </params>
          <reporter-output>
          </reporter-output>
        </test-method> <!-- verifyLogin -->
        <test-method is-config="true" signature="tearDown()[pri:0, instance:tests.LoginTest@6a78afa0]" started-at="2026-06-21T20:36:12 IST" name="tearDown" finished-at="2026-06-21T20:36:13 IST" duration-ms="305" status="PASS">
          <reporter-output>
          </reporter-output>
        </test-method> <!-- tearDown -->
        <test-method is-config="true" signature="setup()[pri:0, instance:tests.LoginTest@6a78afa0]" started-at="2026-06-21T20:36:13 IST" name="setup" finished-at="2026-06-21T20:36:14 IST" duration-ms="1346" status="PASS">
          <reporter-output>
          </reporter-output>
        </test-method> <!-- setup -->
        <test-method signature="verifyLogin(java.lang.String,java.lang.String)[pri:0, instance:tests.LoginTest@6a78afa0]" started-at="2026-06-21T20:36:14 IST" name="verifyLogin" data-provider="loginData" finished-at="2026-06-21T20:36:20 IST" duration-ms="6573" status="PASS">
          <params>
            <param index="0">
              <value>
                <![CDATA[performance_glitch_user]]>
              </value>
            </param>
            <param index="1">
              <value>
                <![CDATA[secret_sauce]]>
              </value>
            </param>
          </params>
          <reporter-output>
          </reporter-output>
        </test-method> <!-- verifyLogin -->
        <test-method is-config="true" signature="tearDown()[pri:0, instance:tests.LoginTest@6a78afa0]" started-at="2026-06-21T20:36:20 IST" name="tearDown" finished-at="2026-06-21T20:36:21 IST" duration-ms="325" status="PASS">
          <reporter-output>
          </reporter-output>
        </test-method> <!-- tearDown -->
        <test-method is-config="true" signature="setup()[pri:0, instance:tests.LoginTest@6a78afa0]" started-at="2026-06-21T20:36:21 IST" name="setup" finished-at="2026-06-21T20:36:23 IST" duration-ms="2137" status="PASS">
          <reporter-output>
          </reporter-output>
        </test-method> <!-- setup -->
        <test-method signature="verifyLogin(java.lang.String,java.lang.String)[pri:0, instance:tests.LoginTest@6a78afa0]" started-at="2026-06-21T20:36:23 IST" name="verifyLogin" data-provider="loginData" finished-at="2026-06-21T20:36:24 IST" duration-ms="610" status="PASS">
          <params>
            <param index="0">
              <value>
                <![CDATA[invalid_user]]>
              </value>
            </param>
            <param index="1">
              <value>
                <![CDATA[invalid_password]]>
              </value>
            </param>
          </params>
          <reporter-output>
          </reporter-output>
        </test-method> <!-- verifyLogin -->
        <test-method is-config="true" signature="tearDown()[pri:0, instance:tests.LoginTest@6a78afa0]" started-at="2026-06-21T20:36:24 IST" name="tearDown" finished-at="2026-06-21T20:36:24 IST" duration-ms="275" status="PASS">
          <reporter-output>
          </reporter-output>
        </test-method> <!-- tearDown -->
      </class> <!-- tests.LoginTest -->
    </test> <!-- Login Test -->
  </suite> <!-- SauceDemo Suite -->
</testng-results>
