<?xml version="1.0" encoding="UTF-8"?>
<testng-results ignored="0" total="10" passed="10" failed="0" skipped="0">
  <reporter-output>
  </reporter-output>
  <suite started-at="2026-06-22T11:36:28 IST" name="Parabank Automation Suite" finished-at="2026-06-22T11:38:05 IST" duration-ms="97421">
    <groups>
    </groups>
    <test started-at="2026-06-22T11:36:28 IST" name="Parabank Functional Tests" finished-at="2026-06-22T11:38:05 IST" duration-ms="97421">
      <class name="tests.LoginTest">
        <test-method is-config="true" signature="setup()[pri:0, instance:tests.LoginTest@28701274]" started-at="2026-06-22T11:36:29 IST" name="setup" finished-at="2026-06-22T11:36:35 IST" duration-ms="6071" status="PASS">
          <reporter-output>
          </reporter-output>
        </test-method> <!-- setup -->
        <test-method signature="verifyLogin(java.lang.String,java.lang.String)[pri:0, instance:tests.LoginTest@28701274]" started-at="2026-06-22T11:36:35 IST" name="verifyLogin" data-provider="loginData" finished-at="2026-06-22T11:36:37 IST" duration-ms="1867" status="PASS">
          <params>
            <param index="0">
              <value>
                <![CDATA[testuser001]]>
              </value>
            </param>
            <param index="1">
              <value>
                <![CDATA[Test@123]]>
              </value>
            </param>
          </params>
          <reporter-output>
          </reporter-output>
        </test-method> <!-- verifyLogin -->
        <test-method is-config="true" signature="tearDown()[pri:0, instance:tests.LoginTest@28701274]" started-at="2026-06-22T11:36:37 IST" name="tearDown" finished-at="2026-06-22T11:36:37 IST" duration-ms="172" status="PASS">
          <reporter-output>
          </reporter-output>
        </test-method> <!-- tearDown -->
        <test-method is-config="true" signature="setup()[pri:0, instance:tests.LoginTest@28701274]" started-at="2026-06-22T11:36:37 IST" name="setup" finished-at="2026-06-22T11:36:43 IST" duration-ms="6034" status="PASS">
          <reporter-output>
          </reporter-output>
        </test-method> <!-- setup -->
        <test-method signature="verifyLogin(java.lang.String,java.lang.String)[pri:0, instance:tests.LoginTest@28701274]" started-at="2026-06-22T11:36:43 IST" name="verifyLogin" data-provider="loginData" finished-at="2026-06-22T11:36:45 IST" duration-ms="1880" status="PASS">
          <params>
            <param index="0">
              <value>
                <![CDATA[testuser001]]>
              </value>
            </param>
            <param index="1">
              <value>
                <![CDATA[Test@123]]>
              </value>
            </param>
          </params>
          <reporter-output>
          </reporter-output>
        </test-method> <!-- verifyLogin -->
        <test-method is-config="true" signature="tearDown()[pri:0, instance:tests.LoginTest@28701274]" started-at="2026-06-22T11:36:45 IST" name="tearDown" finished-at="2026-06-22T11:36:45 IST" duration-ms="149" status="PASS">
          <reporter-output>
          </reporter-output>
        </test-method> <!-- tearDown -->
        <test-method is-config="true" signature="setup()[pri:0, instance:tests.LoginTest@28701274]" started-at="2026-06-22T11:36:45 IST" name="setup" finished-at="2026-06-22T11:36:49 IST" duration-ms="3970" status="PASS">
          <reporter-output>
          </reporter-output>
        </test-method> <!-- setup -->
        <test-method signature="verifyLogin(java.lang.String,java.lang.String)[pri:0, instance:tests.LoginTest@28701274]" started-at="2026-06-22T11:36:49 IST" name="verifyLogin" data-provider="loginData" finished-at="2026-06-22T11:36:52 IST" duration-ms="2360" status="PASS">
          <params>
            <param index="0">
              <value>
                <![CDATA[testuser001]]>
              </value>
            </param>
            <param index="1">
              <value>
                <![CDATA[Test@123]]>
              </value>
            </param>
          </params>
          <reporter-output>
          </reporter-output>
        </test-method> <!-- verifyLogin -->
        <test-method is-config="true" signature="tearDown()[pri:0, instance:tests.LoginTest@28701274]" started-at="2026-06-22T11:36:52 IST" name="tearDown" finished-at="2026-06-22T11:36:52 IST" duration-ms="148" status="PASS">
          <reporter-output>
          </reporter-output>
        </test-method> <!-- tearDown -->
      </class> <!-- tests.LoginTest -->
      <class name="tests.TransferFundsTest">
        <test-method is-config="true" signature="setup()[pri:0, instance:tests.TransferFundsTest@3cd3e762]" started-at="2026-06-22T11:37:01 IST" name="setup" finished-at="2026-06-22T11:37:06 IST" duration-ms="5428" status="PASS">
          <reporter-output>
          </reporter-output>
        </test-method> <!-- setup -->
        <test-method signature="transferFunds(java.lang.String)[pri:0, instance:tests.TransferFundsTest@3cd3e762]" started-at="2026-06-22T11:37:06 IST" name="transferFunds" data-provider="transferData" finished-at="2026-06-22T11:37:12 IST" duration-ms="5826" status="PASS">
          <params>
            <param index="0">
              <value>
                <![CDATA[100]]>
              </value>
            </param>
          </params>
          <reporter-output>
          </reporter-output>
        </test-method> <!-- transferFunds -->
        <test-method is-config="true" signature="tearDown()[pri:0, instance:tests.TransferFundsTest@3cd3e762]" started-at="2026-06-22T11:37:12 IST" name="tearDown" finished-at="2026-06-22T11:37:12 IST" duration-ms="160" status="PASS">
          <reporter-output>
          </reporter-output>
        </test-method> <!-- tearDown -->
        <test-method is-config="true" signature="setup()[pri:0, instance:tests.TransferFundsTest@3cd3e762]" started-at="2026-06-22T11:37:12 IST" name="setup" finished-at="2026-06-22T11:37:17 IST" duration-ms="5233" status="PASS">
          <reporter-output>
          </reporter-output>
        </test-method> <!-- setup -->
        <test-method signature="transferFunds(java.lang.String)[pri:0, instance:tests.TransferFundsTest@3cd3e762]" started-at="2026-06-22T11:37:17 IST" name="transferFunds" data-provider="transferData" finished-at="2026-06-22T11:37:23 IST" duration-ms="5878" status="PASS">
          <params>
            <param index="0">
              <value>
                <![CDATA[250]]>
              </value>
            </param>
          </params>
          <reporter-output>
          </reporter-output>
        </test-method> <!-- transferFunds -->
        <test-method is-config="true" signature="tearDown()[pri:0, instance:tests.TransferFundsTest@3cd3e762]" started-at="2026-06-22T11:37:23 IST" name="tearDown" finished-at="2026-06-22T11:37:24 IST" duration-ms="221" status="PASS">
          <reporter-output>
          </reporter-output>
        </test-method> <!-- tearDown -->
        <test-method is-config="true" signature="setup()[pri:0, instance:tests.TransferFundsTest@3cd3e762]" started-at="2026-06-22T11:37:24 IST" name="setup" finished-at="2026-06-22T11:37:31 IST" duration-ms="7600" status="PASS">
          <reporter-output>
          </reporter-output>
        </test-method> <!-- setup -->
        <test-method signature="transferFunds(java.lang.String)[pri:0, instance:tests.TransferFundsTest@3cd3e762]" started-at="2026-06-22T11:37:31 IST" name="transferFunds" data-provider="transferData" finished-at="2026-06-22T11:37:38 IST" duration-ms="6891" status="PASS">
          <params>
            <param index="0">
              <value>
                <![CDATA[500]]>
              </value>
            </param>
          </params>
          <reporter-output>
          </reporter-output>
        </test-method> <!-- transferFunds -->
        <test-method is-config="true" signature="tearDown()[pri:0, instance:tests.TransferFundsTest@3cd3e762]" started-at="2026-06-22T11:37:38 IST" name="tearDown" finished-at="2026-06-22T11:37:38 IST" duration-ms="183" status="PASS">
          <reporter-output>
          </reporter-output>
        </test-method> <!-- tearDown -->
      </class> <!-- tests.TransferFundsTest -->
      <class name="tests.AccountTest">
        <test-method is-config="true" signature="setup()[pri:0, instance:tests.AccountTest@3b0090a4]" started-at="2026-06-22T11:36:52 IST" name="setup" finished-at="2026-06-22T11:36:57 IST" duration-ms="5351" status="PASS">
          <reporter-output>
          </reporter-output>
        </test-method> <!-- setup -->
        <test-method signature="verifyAccountOverview()[pri:0, instance:tests.AccountTest@3b0090a4]" started-at="2026-06-22T11:36:57 IST" name="verifyAccountOverview" finished-at="2026-06-22T11:37:01 IST" duration-ms="3553" status="PASS">
          <reporter-output>
          </reporter-output>
        </test-method> <!-- verifyAccountOverview -->
        <test-method is-config="true" signature="tearDown()[pri:0, instance:tests.AccountTest@3b0090a4]" started-at="2026-06-22T11:37:01 IST" name="tearDown" finished-at="2026-06-22T11:37:01 IST" duration-ms="157" status="PASS">
          <reporter-output>
          </reporter-output>
        </test-method> <!-- tearDown -->
      </class> <!-- tests.AccountTest -->
      <class name="tests.BillPayTest">
        <test-method is-config="true" signature="setup()[pri:0, instance:tests.BillPayTest@1fa121e2]" started-at="2026-06-22T11:37:38 IST" name="setup" finished-at="2026-06-22T11:37:43 IST" duration-ms="4379" status="PASS">
          <reporter-output>
          </reporter-output>
        </test-method> <!-- setup -->
        <test-method signature="payBill(java.lang.String,java.lang.String,java.lang.String,java.lang.String,java.lang.String,java.lang.String,java.lang.String,java.lang.String,java.lang.String)[pri:0, instance:tests.BillPayTest@1fa121e2]" started-at="2026-06-22T11:37:43 IST" name="payBill" data-provider="billPayData" finished-at="2026-06-22T11:37:46 IST" duration-ms="3564" status="PASS">
          <params>
            <param index="0">
              <value>
                <![CDATA[John Doe]]>
              </value>
            </param>
            <param index="1">
              <value>
                <![CDATA[FC Road]]>
              </value>
            </param>
            <param index="2">
              <value>
                <![CDATA[Pune]]>
              </value>
            </param>
            <param index="3">
              <value>
                <![CDATA[Maharashtra]]>
              </value>
            </param>
            <param index="4">
              <value>
                <![CDATA[411001]]>
              </value>
            </param>
            <param index="5">
              <value>
                <![CDATA[9876543210]]>
              </value>
            </param>
            <param index="6">
              <value>
                <![CDATA[12345]]>
              </value>
            </param>
            <param index="7">
              <value>
                <![CDATA[12345]]>
              </value>
            </param>
            <param index="8">
              <value>
                <![CDATA[500]]>
              </value>
            </param>
          </params>
          <reporter-output>
          </reporter-output>
        </test-method> <!-- payBill -->
        <test-method is-config="true" signature="tearDown()[pri:0, instance:tests.BillPayTest@1fa121e2]" started-at="2026-06-22T11:37:46 IST" name="tearDown" finished-at="2026-06-22T11:37:46 IST" duration-ms="138" status="PASS">
          <reporter-output>
          </reporter-output>
        </test-method> <!-- tearDown -->
        <test-method is-config="true" signature="setup()[pri:0, instance:tests.BillPayTest@1fa121e2]" started-at="2026-06-22T11:37:46 IST" name="setup" finished-at="2026-06-22T11:37:50 IST" duration-ms="3747" status="PASS">
          <reporter-output>
          </reporter-output>
        </test-method> <!-- setup -->
        <test-method signature="payBill(java.lang.String,java.lang.String,java.lang.String,java.lang.String,java.lang.String,java.lang.String,java.lang.String,java.lang.String,java.lang.String)[pri:0, instance:tests.BillPayTest@1fa121e2]" started-at="2026-06-22T11:37:50 IST" name="payBill" data-provider="billPayData" finished-at="2026-06-22T11:37:55 IST" duration-ms="5188" status="PASS">
          <params>
            <param index="0">
              <value>
                <![CDATA[Ram Kumar]]>
              </value>
            </param>
            <param index="1">
              <value>
                <![CDATA[MG Road]]>
              </value>
            </param>
            <param index="2">
              <value>
                <![CDATA[Mumbai]]>
              </value>
            </param>
            <param index="3">
              <value>
                <![CDATA[Maharashtra]]>
              </value>
            </param>
            <param index="4">
              <value>
                <![CDATA[400001]]>
              </value>
            </param>
            <param index="5">
              <value>
                <![CDATA[9988776655]]>
              </value>
            </param>
            <param index="6">
              <value>
                <![CDATA[54321]]>
              </value>
            </param>
            <param index="7">
              <value>
                <![CDATA[54321]]>
              </value>
            </param>
            <param index="8">
              <value>
                <![CDATA[1000]]>
              </value>
            </param>
          </params>
          <reporter-output>
          </reporter-output>
        </test-method> <!-- payBill -->
        <test-method is-config="true" signature="tearDown()[pri:0, instance:tests.BillPayTest@1fa121e2]" started-at="2026-06-22T11:37:55 IST" name="tearDown" finished-at="2026-06-22T11:37:56 IST" duration-ms="162" status="PASS">
          <reporter-output>
          </reporter-output>
        </test-method> <!-- tearDown -->
        <test-method is-config="true" signature="setup()[pri:0, instance:tests.BillPayTest@1fa121e2]" started-at="2026-06-22T11:37:56 IST" name="setup" finished-at="2026-06-22T11:38:00 IST" duration-ms="4072" status="PASS">
          <reporter-output>
          </reporter-output>
        </test-method> <!-- setup -->
        <test-method signature="payBill(java.lang.String,java.lang.String,java.lang.String,java.lang.String,java.lang.String,java.lang.String,java.lang.String,java.lang.String,java.lang.String)[pri:0, instance:tests.BillPayTest@1fa121e2]" started-at="2026-06-22T11:38:00 IST" name="payBill" data-provider="billPayData" finished-at="2026-06-22T11:38:05 IST" duration-ms="5405" status="PASS">
          <params>
            <param index="0">
              <value>
                <![CDATA[Amit Sharma]]>
              </value>
            </param>
            <param index="1">
              <value>
                <![CDATA[Baner Road]]>
              </value>
            </param>
            <param index="2">
              <value>
                <![CDATA[Pune]]>
              </value>
            </param>
            <param index="3">
              <value>
                <![CDATA[Maharashtra]]>
              </value>
            </param>
            <param index="4">
              <value>
                <![CDATA[411045]]>
              </value>
            </param>
            <param index="5">
              <value>
                <![CDATA[9123456789]]>
              </value>
            </param>
            <param index="6">
              <value>
                <![CDATA[67890]]>
              </value>
            </param>
            <param index="7">
              <value>
                <![CDATA[67890]]>
              </value>
            </param>
            <param index="8">
              <value>
                <![CDATA[750]]>
              </value>
            </param>
          </params>
          <reporter-output>
          </reporter-output>
        </test-method> <!-- payBill -->
        <test-method is-config="true" signature="tearDown()[pri:0, instance:tests.BillPayTest@1fa121e2]" started-at="2026-06-22T11:38:05 IST" name="tearDown" finished-at="2026-06-22T11:38:05 IST" duration-ms="145" status="PASS">
          <reporter-output>
          </reporter-output>
        </test-method> <!-- tearDown -->
      </class> <!-- tests.BillPayTest -->
    </test> <!-- Parabank Functional Tests -->
  </suite> <!-- Parabank Automation Suite -->
</testng-results>
