<?xml version="1.0" encoding="UTF-8"?>
<testng-results ignored="0" total="12" passed="12" failed="0" skipped="0">
  <reporter-output>
  </reporter-output>
  <suite started-at="2026-06-23T00:51:53 IST" name="DVWA Security Testing Suite" finished-at="2026-06-23T00:53:21 IST" duration-ms="87568">
    <groups>
    </groups>
    <test started-at="2026-06-23T00:51:53 IST" name="Login Test" finished-at="2026-06-23T00:51:57 IST" duration-ms="3985">
      <class name="tests.LoginTest">
        <test-method is-config="true" signature="setup()[pri:0, instance:tests.LoginTest@68878f6d]" started-at="2026-06-23T00:51:53 IST" name="setup" finished-at="2026-06-23T00:51:56 IST" duration-ms="2845" status="PASS">
          <reporter-output>
          </reporter-output>
        </test-method> <!-- setup -->
        <test-method signature="verifyValidLogin()[pri:0, instance:tests.LoginTest@68878f6d]" started-at="2026-06-23T00:51:56 IST" name="verifyValidLogin" finished-at="2026-06-23T00:51:57 IST" duration-ms="726" status="PASS">
          <reporter-output>
          </reporter-output>
        </test-method> <!-- verifyValidLogin -->
        <test-method is-config="true" signature="tearDown()[pri:0, instance:tests.LoginTest@68878f6d]" started-at="2026-06-23T00:51:57 IST" name="tearDown" finished-at="2026-06-23T00:51:57 IST" duration-ms="327" status="PASS">
          <reporter-output>
          </reporter-output>
        </test-method> <!-- tearDown -->
      </class> <!-- tests.LoginTest -->
    </test> <!-- Login Test -->
    <test started-at="2026-06-23T00:51:57 IST" name="SQL Injection Test" finished-at="2026-06-23T00:52:11 IST" duration-ms="13649">
      <class name="tests.SQLInjectionTest">
        <test-method is-config="true" signature="setup()[pri:0, instance:tests.SQLInjectionTest@6ea2bc93]" started-at="2026-06-23T00:51:58 IST" name="setup" finished-at="2026-06-23T00:51:59 IST" duration-ms="1334" status="PASS">
          <reporter-output>
          </reporter-output>
        </test-method> <!-- setup -->
        <test-method signature="verifySQLInjection(java.lang.String)[pri:0, instance:tests.SQLInjectionTest@6ea2bc93]" started-at="2026-06-23T00:51:59 IST" name="verifySQLInjection" data-provider="sqlData" finished-at="2026-06-23T00:52:00 IST" duration-ms="1142" status="PASS">
          <params>
            <param index="0">
              <value>
                <![CDATA[1]]>
              </value>
            </param>
          </params>
          <reporter-output>
          </reporter-output>
        </test-method> <!-- verifySQLInjection -->
        <test-method is-config="true" signature="tearDown()[pri:0, instance:tests.SQLInjectionTest@6ea2bc93]" started-at="2026-06-23T00:52:00 IST" name="tearDown" finished-at="2026-06-23T00:52:00 IST" duration-ms="264" status="PASS">
          <reporter-output>
          </reporter-output>
        </test-method> <!-- tearDown -->
        <test-method is-config="true" signature="setup()[pri:0, instance:tests.SQLInjectionTest@6ea2bc93]" started-at="2026-06-23T00:52:00 IST" name="setup" finished-at="2026-06-23T00:52:02 IST" duration-ms="1314" status="PASS">
          <reporter-output>
          </reporter-output>
        </test-method> <!-- setup -->
        <test-method signature="verifySQLInjection(java.lang.String)[pri:0, instance:tests.SQLInjectionTest@6ea2bc93]" started-at="2026-06-23T00:52:02 IST" name="verifySQLInjection" data-provider="sqlData" finished-at="2026-06-23T00:52:03 IST" duration-ms="1138" status="PASS">
          <params>
            <param index="0">
              <value>
                <![CDATA[1' OR '1'='1]]>
              </value>
            </param>
          </params>
          <reporter-output>
          </reporter-output>
        </test-method> <!-- verifySQLInjection -->
        <test-method is-config="true" signature="tearDown()[pri:0, instance:tests.SQLInjectionTest@6ea2bc93]" started-at="2026-06-23T00:52:03 IST" name="tearDown" finished-at="2026-06-23T00:52:03 IST" duration-ms="270" status="PASS">
          <reporter-output>
          </reporter-output>
        </test-method> <!-- tearDown -->
        <test-method is-config="true" signature="setup()[pri:0, instance:tests.SQLInjectionTest@6ea2bc93]" started-at="2026-06-23T00:52:03 IST" name="setup" finished-at="2026-06-23T00:52:04 IST" duration-ms="1304" status="PASS">
          <reporter-output>
          </reporter-output>
        </test-method> <!-- setup -->
        <test-method signature="verifySQLInjection(java.lang.String)[pri:0, instance:tests.SQLInjectionTest@6ea2bc93]" started-at="2026-06-23T00:52:04 IST" name="verifySQLInjection" data-provider="sqlData" finished-at="2026-06-23T00:52:05 IST" duration-ms="1144" status="PASS">
          <params>
            <param index="0">
              <value>
                <![CDATA[1' OR 1=1#]]>
              </value>
            </param>
          </params>
          <reporter-output>
          </reporter-output>
        </test-method> <!-- verifySQLInjection -->
        <test-method is-config="true" signature="tearDown()[pri:0, instance:tests.SQLInjectionTest@6ea2bc93]" started-at="2026-06-23T00:52:05 IST" name="tearDown" finished-at="2026-06-23T00:52:06 IST" duration-ms="214" status="PASS">
          <reporter-output>
          </reporter-output>
        </test-method> <!-- tearDown -->
        <test-method is-config="true" signature="setup()[pri:0, instance:tests.SQLInjectionTest@6ea2bc93]" started-at="2026-06-23T00:52:06 IST" name="setup" finished-at="2026-06-23T00:52:07 IST" duration-ms="1288" status="PASS">
          <reporter-output>
          </reporter-output>
        </test-method> <!-- setup -->
        <test-method signature="verifySQLInjection(java.lang.String)[pri:0, instance:tests.SQLInjectionTest@6ea2bc93]" started-at="2026-06-23T00:52:07 IST" name="verifySQLInjection" data-provider="sqlData" finished-at="2026-06-23T00:52:08 IST" duration-ms="1141" status="PASS">
          <params>
            <param index="0">
              <value>
                <![CDATA[' OR 'a'='a]]>
              </value>
            </param>
          </params>
          <reporter-output>
          </reporter-output>
        </test-method> <!-- verifySQLInjection -->
        <test-method is-config="true" signature="tearDown()[pri:0, instance:tests.SQLInjectionTest@6ea2bc93]" started-at="2026-06-23T00:52:08 IST" name="tearDown" finished-at="2026-06-23T00:52:08 IST" duration-ms="337" status="PASS">
          <reporter-output>
          </reporter-output>
        </test-method> <!-- tearDown -->
        <test-method is-config="true" signature="setup()[pri:0, instance:tests.SQLInjectionTest@6ea2bc93]" started-at="2026-06-23T00:52:08 IST" name="setup" finished-at="2026-06-23T00:52:10 IST" duration-ms="1237" status="PASS">
          <reporter-output>
          </reporter-output>
        </test-method> <!-- setup -->
        <test-method signature="verifySQLInjection(java.lang.String)[pri:0, instance:tests.SQLInjectionTest@6ea2bc93]" started-at="2026-06-23T00:52:10 IST" name="verifySQLInjection" data-provider="sqlData" finished-at="2026-06-23T00:52:11 IST" duration-ms="1203" status="PASS">
          <params>
            <param index="0">
              <value>
                <![CDATA[1' UNION SELECT null,null#]]>
              </value>
            </param>
          </params>
          <reporter-output>
          </reporter-output>
        </test-method> <!-- verifySQLInjection -->
        <test-method is-config="true" signature="tearDown()[pri:0, instance:tests.SQLInjectionTest@6ea2bc93]" started-at="2026-06-23T00:52:11 IST" name="tearDown" finished-at="2026-06-23T00:52:11 IST" duration-ms="268" status="PASS">
          <reporter-output>
          </reporter-output>
        </test-method> <!-- tearDown -->
      </class> <!-- tests.SQLInjectionTest -->
    </test> <!-- SQL Injection Test -->
    <test started-at="2026-06-23T00:52:11 IST" name="XSS Test" finished-at="2026-06-23T00:52:35 IST" duration-ms="24071">
      <class name="tests.XSSTest">
        <test-method is-config="true" signature="setup()[pri:0, instance:tests.XSSTest@3224a577]" started-at="2026-06-23T00:52:11 IST" name="setup" finished-at="2026-06-23T00:52:13 IST" duration-ms="1299" status="PASS">
          <reporter-output>
          </reporter-output>
        </test-method> <!-- setup -->
        <test-method signature="verifyXSSVulnerability(java.lang.String)[pri:0, instance:tests.XSSTest@3224a577]" started-at="2026-06-23T00:52:13 IST" name="verifyXSSVulnerability" data-provider="xssData" finished-at="2026-06-23T00:52:16 IST" duration-ms="3233" status="PASS">
          <params>
            <param index="0">
              <value>
                <![CDATA[<b>XSS Test</b>]]>
              </value>
            </param>
          </params>
          <reporter-output>
          </reporter-output>
        </test-method> <!-- verifyXSSVulnerability -->
        <test-method is-config="true" signature="tearDown()[pri:0, instance:tests.XSSTest@3224a577]" started-at="2026-06-23T00:52:16 IST" name="tearDown" finished-at="2026-06-23T00:52:16 IST" duration-ms="245" status="PASS">
          <reporter-output>
          </reporter-output>
        </test-method> <!-- tearDown -->
        <test-method is-config="true" signature="setup()[pri:0, instance:tests.XSSTest@3224a577]" started-at="2026-06-23T00:52:16 IST" name="setup" finished-at="2026-06-23T00:52:17 IST" duration-ms="1334" status="PASS">
          <reporter-output>
          </reporter-output>
        </test-method> <!-- setup -->
        <test-method signature="verifyXSSVulnerability(java.lang.String)[pri:0, instance:tests.XSSTest@3224a577]" started-at="2026-06-23T00:52:17 IST" name="verifyXSSVulnerability" data-provider="xssData" finished-at="2026-06-23T00:52:20 IST" duration-ms="3174" status="PASS">
          <params>
            <param index="0">
              <value>
                <![CDATA[<h1>XSS Vulnerability</h1>]]>
              </value>
            </param>
          </params>
          <reporter-output>
          </reporter-output>
        </test-method> <!-- verifyXSSVulnerability -->
        <test-method is-config="true" signature="tearDown()[pri:0, instance:tests.XSSTest@3224a577]" started-at="2026-06-23T00:52:21 IST" name="tearDown" finished-at="2026-06-23T00:52:21 IST" duration-ms="260" status="PASS">
          <reporter-output>
          </reporter-output>
        </test-method> <!-- tearDown -->
        <test-method is-config="true" signature="setup()[pri:0, instance:tests.XSSTest@3224a577]" started-at="2026-06-23T00:52:21 IST" name="setup" finished-at="2026-06-23T00:52:22 IST" duration-ms="1372" status="PASS">
          <reporter-output>
          </reporter-output>
        </test-method> <!-- setup -->
        <test-method signature="verifyXSSVulnerability(java.lang.String)[pri:0, instance:tests.XSSTest@3224a577]" started-at="2026-06-23T00:52:22 IST" name="verifyXSSVulnerability" data-provider="xssData" finished-at="2026-06-23T00:52:25 IST" duration-ms="3269" status="PASS">
          <params>
            <param index="0">
              <value>
                <![CDATA[<i>Security Test</i>]]>
              </value>
            </param>
          </params>
          <reporter-output>
          </reporter-output>
        </test-method> <!-- verifyXSSVulnerability -->
        <test-method is-config="true" signature="tearDown()[pri:0, instance:tests.XSSTest@3224a577]" started-at="2026-06-23T00:52:25 IST" name="tearDown" finished-at="2026-06-23T00:52:26 IST" duration-ms="265" status="PASS">
          <reporter-output>
          </reporter-output>
        </test-method> <!-- tearDown -->
        <test-method is-config="true" signature="setup()[pri:0, instance:tests.XSSTest@3224a577]" started-at="2026-06-23T00:52:26 IST" name="setup" finished-at="2026-06-23T00:52:27 IST" duration-ms="1274" status="PASS">
          <reporter-output>
          </reporter-output>
        </test-method> <!-- setup -->
        <test-method signature="verifyXSSVulnerability(java.lang.String)[pri:0, instance:tests.XSSTest@3224a577]" started-at="2026-06-23T00:52:27 IST" name="verifyXSSVulnerability" data-provider="xssData" finished-at="2026-06-23T00:52:30 IST" duration-ms="3307" status="PASS">
          <params>
            <param index="0">
              <value>
                <![CDATA[<marquee>XSS</marquee>]]>
              </value>
            </param>
          </params>
          <reporter-output>
          </reporter-output>
        </test-method> <!-- verifyXSSVulnerability -->
        <test-method is-config="true" signature="tearDown()[pri:0, instance:tests.XSSTest@3224a577]" started-at="2026-06-23T00:52:30 IST" name="tearDown" finished-at="2026-06-23T00:52:31 IST" duration-ms="265" status="PASS">
          <reporter-output>
          </reporter-output>
        </test-method> <!-- tearDown -->
        <test-method is-config="true" signature="setup()[pri:0, instance:tests.XSSTest@3224a577]" started-at="2026-06-23T00:52:31 IST" name="setup" finished-at="2026-06-23T00:52:32 IST" duration-ms="1289" status="PASS">
          <reporter-output>
          </reporter-output>
        </test-method> <!-- setup -->
        <test-method signature="verifyXSSVulnerability(java.lang.String)[pri:0, instance:tests.XSSTest@3224a577]" started-at="2026-06-23T00:52:32 IST" name="verifyXSSVulnerability" data-provider="xssData" finished-at="2026-06-23T00:52:35 IST" duration-ms="3206" status="PASS">
          <params>
            <param index="0">
              <value>
                <![CDATA[<svg>XSS</svg>]]>
              </value>
            </param>
          </params>
          <reporter-output>
          </reporter-output>
        </test-method> <!-- verifyXSSVulnerability -->
        <test-method is-config="true" signature="tearDown()[pri:0, instance:tests.XSSTest@3224a577]" started-at="2026-06-23T00:52:35 IST" name="tearDown" finished-at="2026-06-23T00:52:35 IST" duration-ms="255" status="PASS">
          <reporter-output>
          </reporter-output>
        </test-method> <!-- tearDown -->
      </class> <!-- tests.XSSTest -->
    </test> <!-- XSS Test -->
    <test started-at="2026-06-23T00:52:35 IST" name="Security Scan Test" finished-at="2026-06-23T00:53:21 IST" duration-ms="45180">
      <class name="tests.SecurityScanTest">
        <test-method signature="executeSecurityScan()[pri:0, instance:tests.SecurityScanTest@463fd068]" started-at="2026-06-23T00:52:35 IST" name="executeSecurityScan" finished-at="2026-06-23T00:53:21 IST" duration-ms="45174" status="PASS">
          <reporter-output>
          </reporter-output>
        </test-method> <!-- executeSecurityScan -->
      </class> <!-- tests.SecurityScanTest -->
    </test> <!-- Security Scan Test -->
  </suite> <!-- DVWA Security Testing Suite -->
</testng-results>
